22:57:02.447 [TestNG-tests-2] INFO  testCases.TC_001 - *********** Starting TC_001 test ***************
22:57:03.667 [TestNG-tests-2] INFO  testCases.TC_001 - Clicked on My Account
22:57:05.020 [TestNG-tests-2] INFO  testCases.TC_001 - Clicked on Register
22:57:05.022 [TestNG-tests-2] INFO  testCases.TC_001 - Providing Customer Details.....
22:57:07.967 [TestNG-tests-2] INFO  testCases.TC_001 - Validating expected Message......
22:57:08.135 [TestNG-tests-2] INFO  testCases.TC_001 - ********* Finished TC_001 Test ***********
23:07:28.335 [main] INFO  org.testng.internal.Utils - [TestNG] Running:
  C:\Users\vanti\OneDrive\Desktop\Selenium Project\opencart_v1\master.xml

23:07:38.072 [main] INFO  testCases.TC_001 - *********** Starting TC_001 test ***************
23:07:38.365 [main] INFO  testCases.TC_001 - Clicked on My Account
23:07:39.459 [main] INFO  testCases.TC_001 - Clicked on Register
23:07:39.467 [main] INFO  testCases.TC_001 - Providing Customer Details.....
23:07:41.812 [main] INFO  testCases.TC_001 - Validating expected Message......
23:07:41.907 [main] INFO  testCases.TC_001 - ********* Finished TC_001 Test ***********
23:07:50.452 [main] INFO  testCases.TC_002_Login_Test - ******* Starting TC_002_login_Test ********
23:07:52.770 [main] INFO  testCases.TC_002_Login_Test - ******* Finished TC_002_login_Test ********
09:37:28.754 [main] INFO  org.testng.internal.Utils - [TestNG] Running:
  C:\Users\vanti\OneDrive\Desktop\Selenium Project\opencart_v1\master.xml

09:41:01.926 [main] INFO  org.testng.internal.Utils - [TestNG] Running:
  C:\Users\vanti\OneDrive\Desktop\Selenium Project\opencart_v1\master.xml

09:42:05.584 [main] INFO  testCases.TC_001 - *********** Starting TC_001 test ***************
09:42:07.171 [main] INFO  testCases.TC_001 - Clicked on My Account
09:42:08.062 [main] INFO  testCases.TC_001 - Clicked on Register
09:42:08.172 [main] INFO  testCases.TC_001 - Providing Customer Details.....
09:42:10.571 [main] INFO  testCases.TC_001 - Validating expected Message......
09:42:11.168 [main] INFO  testCases.TC_001 - ********* Finished TC_001 Test ***********
09:42:33.052 [main] INFO  testCases.TC_002_Login_Test - ******* Starting TC_002_login_Test ********
09:42:35.113 [main] INFO  testCases.TC_002_Login_Test - ******* Finished TC_002_login_Test ********
09:45:34.133 [main] INFO  org.testng.internal.Utils - [TestNG] Running:
  C:\Users\vanti\OneDrive\Desktop\Selenium Project\opencart_v1\grouping.xml

09:45:51.757 [main] INFO  testCases.TC_001 - *********** Starting TC_001 test ***************
09:45:51.907 [main] INFO  testCases.TC_001 - Clicked on My Account
09:45:53.145 [main] INFO  testCases.TC_001 - Clicked on Register
09:45:53.152 [main] INFO  testCases.TC_001 - Providing Customer Details.....
09:45:55.084 [main] INFO  testCases.TC_001 - Validating expected Message......
09:45:55.234 [main] INFO  testCases.TC_001 - ********* Finished TC_001 Test ***********
09:46:21.863 [main] INFO  testCases.TC_002_Login_Test - ******* Starting TC_002_login_Test ********
09:46:24.645 [main] INFO  testCases.TC_002_Login_Test - ******* Finished TC_002_login_Test ********
09:53:29.314 [main] INFO  org.testng.internal.Utils - [TestNG] Running:
  C:\Users\vanti\OneDrive\Desktop\Selenium Project\opencart_v1\master.xml

09:54:27.950 [main] INFO  testCases.TC_001 - *********** Starting TC_001 test ***************
09:54:29.325 [main] INFO  testCases.TC_001 - Clicked on My Account
09:54:31.055 [main] INFO  testCases.TC_001 - Clicked on Register
09:54:31.109 [main] INFO  testCases.TC_001 - Providing Customer Details.....
09:54:33.901 [main] INFO  testCases.TC_001 - Validating expected Message......
09:54:34.065 [main] INFO  testCases.TC_001 - ********* Finished TC_001 Test ***********
09:54:54.279 [main] INFO  testCases.TC_002_Login_Test - ******* Starting TC_002_login_Test ********
09:54:56.828 [main] INFO  testCases.TC_002_Login_Test - ******* Finished TC_002_login_Test ********
10:12:58.212 [main] INFO  org.testng.internal.Utils - [TestNG] Running:
  C:\Users\vanti\OneDrive\Desktop\Selenium Project\opencart_v1\master.xml

10:13:42.905 [main] INFO  testCases.TC_001 - *********** Starting TC_001 test ***************
10:13:43.804 [main] INFO  testCases.TC_001 - Clicked on My Account
10:13:50.380 [main] INFO  testCases.TC_001 - Clicked on Register
10:13:50.385 [main] INFO  testCases.TC_001 - Providing Customer Details.....
10:13:55.537 [main] INFO  testCases.TC_001 - Validating expected Message......
10:13:55.603 [main] INFO  testCases.TC_001 - ********* Finished TC_001 Test ***********
10:14:11.020 [main] INFO  testCases.TC_002_Login_Test - ******* Starting TC_002_login_Test ********
10:14:13.018 [main] INFO  testCases.TC_002_Login_Test - ******* Finished TC_002_login_Test ********
10:17:37.107 [main] INFO  org.testng.internal.Utils - [TestNG] Running:
  C:\Users\vanti\OneDrive\Desktop\Selenium Project\opencart_v1\master.xml

10:18:35.196 [main] INFO  testCases.TC_001 - *********** Starting TC_001 test ***************
