12:25:35.734 [main] INFO  testCases.TC_002_Login_Test - ******* Finished TC_002_login_Test ********
12:28:40.590 [main] INFO  org.testng.internal.Utils - [TestNG] Running:
  C:\Users\vanti\OneDrive\Desktop\Selenium Project\opencart_v1\master.xml

12:28:46.748 [main] INFO  testCases.TC_001 - *********** Starting TC_001 test ***************
12:28:46.897 [main] INFO  testCases.TC_001 - Clicked on My Account
12:28:47.553 [main] INFO  testCases.TC_001 - Clicked on Register
12:28:47.558 [main] INFO  testCases.TC_001 - Providing Customer Details.....
12:28:49.306 [main] INFO  testCases.TC_001 - Validating expected Message......
12:28:49.372 [main] INFO  testCases.TC_001 - ********* Finished TC_001 Test ***********
12:28:54.789 [main] INFO  testCases.TC_002_Login_Test - ******* Starting TC_002_login_Test ********
12:28:56.602 [main] INFO  testCases.TC_002_Login_Test - ******* Finished TC_002_login_Test ********
12:32:51.706 [main] INFO  org.testng.internal.Utils - [TestNG] Running:
  C:\Users\vanti\OneDrive\Desktop\Selenium Project\opencart_v1\test-output\testng-failed.xml

12:32:57.960 [main] INFO  testCases.TC_002_Login_Test - ******* Starting TC_002_login_Test ********
12:32:59.624 [main] INFO  testCases.TC_002_Login_Test - ******* Finished TC_002_login_Test ********
10:16:09.240 [main] INFO  org.testng.internal.Utils - [TestNG] Running:
  C:\Users\vanti\OneDrive\Desktop\Selenium Project\opencart_v1\grouping.xml

10:18:24.403 [main] INFO  testCases.TC_001 - *********** Starting TC_001 test ***************
10:18:24.922 [main] INFO  testCases.TC_001 - Clicked on My Account
10:18:26.095 [main] INFO  testCases.TC_001 - Clicked on Register
10:18:26.180 [main] INFO  testCases.TC_001 - Providing Customer Details.....
10:18:31.367 [main] INFO  testCases.TC_001 - Validating expected Message......
10:18:31.485 [main] INFO  testCases.TC_001 - ********* Finished TC_001 Test ***********
10:18:43.901 [main] INFO  testCases.TC_002_Login_Test - ******* Starting TC_002_login_Test ********
10:18:46.356 [main] INFO  testCases.TC_002_Login_Test - ******* Finished TC_002_login_Test ********
22:50:42.614 [main] INFO  org.testng.internal.Utils - [TestNG] Running:
  C:\Users\vanti\OneDrive\Desktop\Selenium Project\opencart_v1\master.xml

22:51:08.086 [main] INFO  testCases.TC_001 - *********** Starting TC_001 test ***************
22:51:08.688 [main] INFO  testCases.TC_001 - Clicked on My Account
22:51:09.670 [main] INFO  testCases.TC_001 - Clicked on Register
22:51:09.678 [main] INFO  testCases.TC_001 - Providing Customer Details.....
22:51:13.596 [main] INFO  testCases.TC_001 - Validating expected Message......
22:51:13.849 [main] INFO  testCases.TC_001 - ********* Finished TC_001 Test ***********
22:51:21.533 [main] INFO  testCases.TC_002_Login_Test - ******* Starting TC_002_login_Test ********
22:51:24.048 [main] INFO  testCases.TC_002_Login_Test - ******* Finished TC_002_login_Test ********
22:52:56.053 [main] INFO  org.testng.internal.Utils - [TestNG] Running:
  C:\Users\vanti\OneDrive\Desktop\Selenium Project\opencart_v1\master.xml

22:53:06.029 [main] INFO  testCases.TC_001 - *********** Starting TC_001 test ***************
22:53:10.010 [main] INFO  testCases.TC_001 - Clicked on My Account
22:53:36.683 [main] INFO  testCases.TC_001 - Clicked on Register
22:53:36.697 [main] INFO  testCases.TC_001 - Providing Customer Details.....
22:55:05.562 [main] INFO  org.testng.internal.Utils - [TestNG] Running:
  C:\Users\vanti\OneDrive\Desktop\Selenium Project\opencart_v1\master.xml

22:55:13.506 [main] INFO  testCases.TC_001 - *********** Starting TC_001 test ***************
22:55:17.128 [main] INFO  testCases.TC_001 - Clicked on My Account
22:55:18.197 [main] INFO  testCases.TC_001 - Clicked on Register
22:55:18.205 [main] INFO  testCases.TC_001 - Providing Customer Details.....
22:55:20.418 [main] INFO  testCases.TC_001 - Validating expected Message......
22:55:20.554 [main] INFO  testCases.TC_001 - ********* Finished TC_001 Test ***********
22:55:29.922 [main] INFO  testCases.TC_002_Login_Test - ******* Starting TC_002_login_Test ********
22:55:33.487 [main] INFO  testCases.TC_002_Login_Test - ******* Finished TC_002_login_Test ********
22:56:36.225 [main] INFO  org.testng.internal.Utils - [TestNG] Running:
  C:\Users\vanti\OneDrive\Desktop\Selenium Project\opencart_v1\CrossBrowserTesting.xml

22:56:36.997 [TestNG-tests-3] INFO  testCases.TC_001 - *********** Starting TC_001 test ***************
22:56:49.729 [TestNG-tests-1] INFO  testCases.TC_001 - *********** Starting TC_001 test ***************
22:56:49.967 [TestNG-tests-1] INFO  testCases.TC_001 - Clicked on My Account
22:56:51.252 [TestNG-tests-1] INFO  testCases.TC_001 - Clicked on Register
22:56:51.263 [TestNG-tests-1] INFO  testCases.TC_001 - Providing Customer Details.....
22:56:53.449 [TestNG-tests-1] INFO  testCases.TC_001 - Validating expected Message......
22:56:53.553 [TestNG-tests-1] INFO  testCases.TC_001 - ********* Finished TC_001 Test ***********
