09:29:06.751 [main] INFO  testCases.TC_003_login_data_driven - ****** Finished TC_003_login_Test ****
09:29:07.153 [main] INFO  testCases.TC_003_login_data_driven - ****** Starting TC_003 login test *********
09:29:10.864 [main] INFO  testCases.TC_003_login_data_driven - ****** Finished TC_003_login_Test ****
09:29:10.918 [main] INFO  testCases.TC_003_login_data_driven - ****** Starting TC_003 login test *********
09:29:23.093 [main] INFO  testCases.TC_003_login_data_driven - ****** Finished TC_003_login_Test ****
09:29:23.108 [main] INFO  testCases.TC_003_login_data_driven - ****** Starting TC_003 login test *********
09:29:34.843 [main] INFO  testCases.TC_003_login_data_driven - ****** Finished TC_003_login_Test ****
09:56:16.752 [main] INFO  org.testng.internal.Utils - [TestNG] Running:
  C:\Users\vanti\OneDrive\Desktop\Selenium Project\opencart_v1\grouping.xml

09:56:24.147 [main] INFO  testCases.TC_001 - *********** Starting TC_001 test ***************
09:56:24.386 [main] INFO  testCases.TC_001 - Clicked on My Account
09:56:25.241 [main] INFO  testCases.TC_001 - Clicked on Register
09:56:25.248 [main] INFO  testCases.TC_001 - Providing Customer Details.....
09:56:27.554 [main] INFO  testCases.TC_001 - Validating expected Message......
09:56:27.667 [main] INFO  testCases.TC_001 - ********* Finished TC_001 Test ***********
09:56:34.991 [main] INFO  testCases.TC_002_Login_Test - ******* Starting TC_002_login_Test ********
09:56:37.508 [main] INFO  testCases.TC_002_Login_Test - ******* Finished TC_002_login_Test ********
09:57:54.640 [main] INFO  org.testng.internal.Utils - [TestNG] Running:
  C:\Users\vanti\OneDrive\Desktop\Selenium Project\opencart_v1\grouping.xml

09:58:02.006 [main] INFO  testCases.TC_002_Login_Test - ******* Starting TC_002_login_Test ********
09:58:04.207 [main] INFO  testCases.TC_002_Login_Test - ******* Finished TC_002_login_Test ********
12:16:20.314 [main] INFO  org.testng.internal.Utils - [TestNG] Running:
  C:\Users\vanti\OneDrive\Desktop\Selenium Project\opencart_v1\grouping.xml

12:16:34.598 [main] INFO  testCases.TC_001 - *********** Starting TC_001 test ***************
12:16:34.783 [main] INFO  testCases.TC_001 - Clicked on My Account
12:16:35.488 [main] INFO  testCases.TC_001 - Clicked on Register
12:16:35.495 [main] INFO  testCases.TC_001 - Providing Customer Details.....
12:16:37.492 [main] INFO  testCases.TC_001 - Validating expected Message......
12:16:37.561 [main] INFO  testCases.TC_001 - ********* Finished TC_001 Test ***********
12:16:45.346 [main] INFO  testCases.TC_002_Login_Test - ******* Starting TC_002_login_Test ********
12:16:47.197 [main] INFO  testCases.TC_002_Login_Test - ******* Finished TC_002_login_Test ********
12:20:05.528 [main] INFO  org.testng.internal.Utils - [TestNG] Running:
  C:\Users\vanti\OneDrive\Desktop\Selenium Project\opencart_v1\grouping.xml

12:20:12.298 [main] INFO  testCases.TC_001 - *********** Starting TC_001 test ***************
12:20:12.466 [main] INFO  testCases.TC_001 - Clicked on My Account
12:20:13.117 [main] INFO  testCases.TC_001 - Clicked on Register
12:20:13.124 [main] INFO  testCases.TC_001 - Providing Customer Details.....
12:20:14.894 [main] INFO  testCases.TC_001 - Validating expected Message......
12:20:14.981 [main] INFO  testCases.TC_001 - ********* Finished TC_001 Test ***********
12:20:21.664 [main] INFO  testCases.TC_002_Login_Test - ******* Starting TC_002_login_Test ********
12:21:48.416 [main] INFO  org.testng.internal.Utils - [TestNG] Running:
  C:\Users\vanti\OneDrive\Desktop\Selenium Project\opencart_v1\grouping.xml

12:22:02.116 [main] INFO  testCases.TC_001 - *********** Starting TC_001 test ***************
12:22:02.638 [main] INFO  testCases.TC_001 - Clicked on My Account
12:22:04.028 [main] INFO  testCases.TC_001 - Clicked on Register
12:22:04.041 [main] INFO  testCases.TC_001 - Providing Customer Details.....
12:22:05.791 [main] INFO  testCases.TC_001 - Validating expected Message......
12:22:05.874 [main] INFO  testCases.TC_001 - ********* Finished TC_001 Test ***********
12:22:14.627 [main] INFO  testCases.TC_002_Login_Test - ******* Starting TC_002_login_Test ********
12:22:17.518 [main] INFO  testCases.TC_002_Login_Test - ******* Finished TC_002_login_Test ********
12:25:17.919 [main] INFO  org.testng.internal.Utils - [TestNG] Running:
  C:\Users\vanti\OneDrive\Desktop\Selenium Project\opencart_v1\grouping.xml

12:25:25.088 [main] INFO  testCases.TC_001 - *********** Starting TC_001 test ***************
12:25:25.274 [main] INFO  testCases.TC_001 - Clicked on My Account
12:25:25.923 [main] INFO  testCases.TC_001 - Clicked on Register
12:25:25.931 [main] INFO  testCases.TC_001 - Providing Customer Details.....
12:25:27.683 [main] INFO  testCases.TC_001 - Validating expected Message......
12:25:27.761 [main] INFO  testCases.TC_001 - ********* Finished TC_001 Test ***********
12:25:33.657 [main] INFO  testCases.TC_002_Login_Test - ******* Starting TC_002_login_Test ********
